2025-11-18 19:31:34,121 INFO o.a.j.u.JMeterUtils: Setting Locale to en_EN
2025-11-18 19:31:34,158 INFO o.a.j.JMeter: Loading user properties from: C:\Users\joaopires\Downloads\apache-jmeter-5.6.3\apache-jmeter-5.6.3\bin\user.properties
2025-11-18 19:31:34,160 INFO o.a.j.JMeter: Loading system properties from: C:\Users\joaopires\Downloads\apache-jmeter-5.6.3\apache-jmeter-5.6.3\bin\system.properties
2025-11-18 19:31:34,160 INFO o.a.j.JMeter: Loading additional properties from: backend/tests/jmeter/props/local.properties
2025-11-18 19:31:34,174 INFO o.a.j.JMeter: Copyright (c) 1998-2024 The Apache Software Foundation
2025-11-18 19:31:34,174 INFO o.a.j.JMeter: Version 5.6.3
2025-11-18 19:31:34,174 INFO o.a.j.JMeter: java.version=21.0.8
2025-11-18 19:31:34,176 INFO o.a.j.JMeter: java.vm.name=Java HotSpot(TM) 64-Bit Server VM
2025-11-18 19:31:34,176 INFO o.a.j.JMeter: os.name=Windows 11
2025-11-18 19:31:34,176 INFO o.a.j.JMeter: os.arch=amd64
2025-11-18 19:31:34,176 INFO o.a.j.JMeter: os.version=10.0
2025-11-18 19:31:34,176 INFO o.a.j.JMeter: file.encoding=UTF-8
2025-11-18 19:31:34,176 INFO o.a.j.JMeter: java.awt.headless=true
2025-11-18 19:31:34,176 INFO o.a.j.JMeter: Max memory     =1073741824
2025-11-18 19:31:34,176 INFO o.a.j.JMeter: Available Processors =12
2025-11-18 19:31:34,190 INFO o.a.j.JMeter: Default Locale=English (EN)
2025-11-18 19:31:34,190 INFO o.a.j.JMeter: JMeter  Locale=English (EN)
2025-11-18 19:31:34,190 INFO o.a.j.JMeter: JMeterHome=C:\Users\joaopires\Downloads\apache-jmeter-5.6.3\apache-jmeter-5.6.3
2025-11-18 19:31:34,190 INFO o.a.j.JMeter: user.dir  =C:\Users\joaopires\Desktop\Codes\teste-software-univas\teste-software-univas
2025-11-18 19:31:34,192 INFO o.a.j.JMeter: PWD       =C:\Users\joaopires\Desktop\Codes\teste-software-univas\teste-software-univas
2025-11-18 19:31:34,203 INFO o.a.j.JMeter: IP: 192.168.191.131 Name: MIDB01PE0BWGJ4 FullName: host.docker.internal
2025-11-18 19:31:34,222 INFO o.a.j.JMeter: Setting property 'jmeter.reportgenerator.outputdir' to:'C:\Users\joaopires\Desktop\Codes\teste-software-univas\teste-software-univas\backend\tests\jmeter\reports\tasks'
2025-11-18 19:31:34,226 INFO o.a.j.s.FileServer: Default base='C:\Users\joaopires\Desktop\Codes\teste-software-univas\teste-software-univas'
2025-11-18 19:31:34,230 INFO o.a.j.s.FileServer: Set new base='C:\Users\joaopires\Desktop\Codes\teste-software-univas\teste-software-univas\backend\tests\jmeter\plans'
2025-11-18 19:31:34,561 INFO o.a.j.s.SaveService: Testplan (JMX) version: 2.2. Testlog (JTL) version: 2.2
2025-11-18 19:31:34,627 INFO o.a.j.s.SaveService: Using SaveService properties version 5.0
2025-11-18 19:31:34,627 INFO o.a.j.s.SaveService: Using SaveService properties file encoding UTF-8
2025-11-18 19:31:34,636 INFO o.a.j.s.SaveService: Loading file: backend\tests\jmeter\plans\smoke.jmx
2025-11-18 19:31:34,718 INFO o.a.j.p.h.s.HTTPSamplerBase: Parser for text/html is org.apache.jmeter.protocol.http.parser.LagartoBasedHtmlParser
2025-11-18 19:31:34,718 INFO o.a.j.p.h.s.HTTPSamplerBase: Parser for application/xhtml+xml is org.apache.jmeter.protocol.http.parser.LagartoBasedHtmlParser
2025-11-18 19:31:34,718 INFO o.a.j.p.h.s.HTTPSamplerBase: Parser for application/xml is org.apache.jmeter.protocol.http.parser.LagartoBasedHtmlParser
2025-11-18 19:31:34,718 INFO o.a.j.p.h.s.HTTPSamplerBase: Parser for text/xml is org.apache.jmeter.protocol.http.parser.LagartoBasedHtmlParser
2025-11-18 19:31:34,718 INFO o.a.j.p.h.s.HTTPSamplerBase: Parser for text/vnd.wap.wml is org.apache.jmeter.protocol.http.parser.RegexpHTMLParser
2025-11-18 19:31:34,718 INFO o.a.j.p.h.s.HTTPSamplerBase: Parser for text/css is org.apache.jmeter.protocol.http.parser.CssParser
2025-11-18 19:31:34,765 INFO o.a.j.JMeter: Creating summariser <summary>
2025-11-18 19:31:34,771 INFO o.a.j.r.d.ReportGenerator: ReportGenerator will use for Parsing the separator: ','
2025-11-18 19:31:34,773 INFO o.a.j.r.d.ReportGenerator: Will generate report at end of test from  results file: backend/tests/jmeter/results/tasks.jtl
2025-11-18 19:31:34,773 INFO o.a.j.r.d.ReportGenerator: Reading report generator properties from: C:\Users\joaopires\Downloads\apache-jmeter-5.6.3\apache-jmeter-5.6.3\bin\reportgenerator.properties
2025-11-18 19:31:34,777 INFO o.a.j.r.d.ReportGenerator: Merging with JMeter properties
2025-11-18 19:31:34,783 INFO o.a.j.r.c.ReportGeneratorConfiguration: Property 'jmeter.reportgenerator.temp_dir' not found, using default value 'temp' instead.
2025-11-18 19:31:34,787 INFO o.a.j.r.c.ReportGeneratorConfiguration: Property 'jmeter.reportgenerator.apdex_per_transaction' not found, using default value 'null' instead.
2025-11-18 19:31:34,787 INFO o.a.j.r.c.ReportGeneratorConfiguration: apdex_per_transaction is empty, not APDEX per transaction customization
2025-11-18 19:31:34,789 INFO o.a.j.r.c.ReportGeneratorConfiguration: Property 'jmeter.reportgenerator.sample_filter' not found, using default value 'null' instead.
2025-11-18 19:31:34,789 INFO o.a.j.r.c.ReportGeneratorConfiguration: Property 'jmeter.reportgenerator.report_title' not found, using default value 'null' instead.
2025-11-18 19:31:34,789 INFO o.a.j.r.c.ReportGeneratorConfiguration: Property 'jmeter.reportgenerator.start_date' not found, using default value 'null' instead.
2025-11-18 19:31:34,789 INFO o.a.j.r.c.ReportGeneratorConfiguration: Property 'jmeter.reportgenerator.end_date' not found, using default value 'null' instead.
2025-11-18 19:31:34,789 INFO o.a.j.r.c.ReportGeneratorConfiguration: Property 'jmeter.reportgenerator.date_format' not found, using default value 'null' instead.
2025-11-18 19:31:34,789 INFO o.a.j.r.c.ReportGeneratorConfiguration: Will use date range start date: null, end date: null
2025-11-18 19:31:34,801 INFO o.a.j.r.c.ReportGeneratorConfiguration: Property 'jmeter.reportgenerator.graph.totalTPS.exclude_controllers' not found, using default value 'false' instead.
2025-11-18 19:31:34,801 INFO o.a.j.r.c.ReportGeneratorConfiguration: Property 'jmeter.reportgenerator.graph.activeThreadsOverTime.exclude_controllers' not found, using default value 'false' instead.
2025-11-18 19:31:34,801 INFO o.a.j.r.c.ReportGeneratorConfiguration: Property 'jmeter.reportgenerator.graph.timeVsThreads.exclude_controllers' not found, using default value 'false' instead.
2025-11-18 19:31:34,801 INFO o.a.j.r.c.ReportGeneratorConfiguration: Property 'jmeter.reportgenerator.graph.responseTimeDistribution.exclude_controllers' not found, using default value 'false' instead.
2025-11-18 19:31:34,803 INFO o.a.j.r.c.ReportGeneratorConfiguration: Property 'jmeter.reportgenerator.graph.transactionsPerSecond.exclude_controllers' not found, using default value 'false' instead.
2025-11-18 19:31:34,803 INFO o.a.j.r.c.ReportGeneratorConfiguration: Property 'jmeter.reportgenerator.graph.responseTimePercentiles.exclude_controllers' not found, using default value 'false' instead.
2025-11-18 19:31:34,803 INFO o.a.j.r.c.ReportGeneratorConfiguration: Property 'jmeter.reportgenerator.graph.responseTimePercentilesOverTime.exclude_controllers' not found, using default value 'false' instead.
2025-11-18 19:31:34,803 INFO o.a.j.r.c.ReportGeneratorConfiguration: Property 'jmeter.reportgenerator.graph.responseTimesOverTime.exclude_controllers' not found, using default value 'false' instead.
2025-11-18 19:31:34,803 INFO o.a.j.r.c.ReportGeneratorConfiguration: Property 'jmeter.reportgenerator.graph.connectTimeOverTime.exclude_controllers' not found, using default value 'false' instead.
2025-11-18 19:31:34,803 INFO o.a.j.r.c.ReportGeneratorConfiguration: Property 'jmeter.reportgenerator.graph.latenciesOverTime.exclude_controllers' not found, using default value 'false' instead.
2025-11-18 19:31:34,804 INFO o.a.j.r.c.ReportGeneratorConfiguration: Property 'jmeter.reportgenerator.exporter.json.filters_only_sample_series' not found, using default value 'true' instead.
2025-11-18 19:31:34,804 INFO o.a.j.r.c.ReportGeneratorConfiguration: Property 'jmeter.reportgenerator.exporter.json.series_filter' not found, using default value '' instead.
2025-11-18 19:31:34,804 INFO o.a.j.r.c.ReportGeneratorConfiguration: Property 'jmeter.reportgenerator.exporter.json.show_controllers_only' not found, using default value 'false' instead.
2025-11-18 19:31:34,807 INFO o.a.j.r.c.ReportGeneratorConfiguration: Property 'jmeter.reportgenerator.exporter.html.filters_only_sample_series' not found, using default value 'true' instead.
2025-11-18 19:31:34,807 INFO o.a.j.r.c.ReportGeneratorConfiguration: Property 'jmeter.reportgenerator.exporter.html.series_filter' not found, using default value '' instead.
2025-11-18 19:31:34,807 INFO o.a.j.r.c.ReportGeneratorConfiguration: Property 'jmeter.reportgenerator.exporter.html.show_controllers_only' not found, using default value 'false' instead.
2025-11-18 19:31:34,833 INFO o.a.j.e.StandardJMeterEngine: Running the test!
2025-11-18 19:31:34,833 INFO o.a.j.s.SampleEvent: List of sample_variables: []
2025-11-18 19:31:34,833 INFO o.a.j.s.SampleEvent: List of sample_variables: []
2025-11-18 19:31:34,842 INFO o.a.j.e.u.CompoundVariable: Note: Function class names must contain the string: '.functions.'
2025-11-18 19:31:34,842 INFO o.a.j.e.u.CompoundVariable: Note: Function class names must not contain the string: '.gui.'
2025-11-18 19:31:34,979 INFO o.a.j.JMeter: Running test (1763505094979)
2025-11-18 19:31:35,005 INFO o.a.j.e.StandardJMeterEngine: Starting ThreadGroup: 1 : test-api
2025-11-18 19:31:35,005 INFO o.a.j.e.StandardJMeterEngine: Starting 200 threads for group test-api.
2025-11-18 19:31:35,005 INFO o.a.j.e.StandardJMeterEngine: Thread will continue on error
2025-11-18 19:31:35,006 INFO o.a.j.t.ThreadGroup: Starting thread group... number=1 threads=200 ramp-up=20 delayedStart=false
2025-11-18 19:31:35,018 INFO o.a.j.t.JMeterThread: Thread started: test-api 1-1
2025-11-18 19:31:35,074 INFO o.a.j.p.h.s.HTTPHCAbstractImpl: Local host = MIDB01PE0BWGJ4
2025-11-18 19:31:35,095 INFO o.a.j.p.h.s.HTTPHC4Impl: HTTP request retry count = 0
2025-11-18 19:31:35,098 INFO o.a.j.s.SampleResult: Note: Sample TimeStamps are START times
2025-11-18 19:31:35,098 INFO o.a.j.s.SampleResult: sampleresult.default.encoding is set to UTF-8
2025-11-18 19:31:35,099 INFO o.a.j.s.SampleResult: sampleresult.useNanoTime=true
2025-11-18 19:31:35,099 INFO o.a.j.s.SampleResult: sampleresult.nanoThreadSleep=5000
2025-11-18 19:31:35,118 INFO o.a.j.t.JMeterThread: Thread started: test-api 1-2
2025-11-18 19:31:35,127 INFO o.a.j.t.ThreadGroup: Started thread group number 1
2025-11-18 19:31:35,127 INFO o.a.j.e.StandardJMeterEngine: All thread groups have been started
2025-11-18 19:31:35,212 INFO o.a.j.t.JMeterThread: Thread started: test-api 1-3
2025-11-18 19:31:35,313 INFO o.a.j.t.JMeterThread: Thread started: test-api 1-4
2025-11-18 19:31:35,413 INFO o.a.j.t.JMeterThread: Thread started: test-api 1-5
2025-11-18 19:31:35,496 INFO o.a.j.r.Summariser: summary +      1 in 00:00:01 =    2.0/s Avg:   144 Min:   144 Max:   144 Err:     0 (0.00%) Active: 5 Started: 5 Finished: 0
2025-11-18 19:31:35,515 INFO o.a.j.t.JMeterThread: Thread started: test-api 1-6
2025-11-18 19:31:35,555 INFO o.a.j.t.JMeterThread: Thread is done: test-api 1-1
2025-11-18 19:31:35,555 INFO o.a.j.t.JMeterThread: Thread finished: test-api 1-1
2025-11-18 19:31:35,562 INFO o.a.j.t.JMeterThread: Thread is done: test-api 1-5
2025-11-18 19:31:35,563 INFO o.a.j.t.JMeterThread: Thread finished: test-api 1-5
2025-11-18 19:31:35,563 INFO o.a.j.t.JMeterThread: Thread is done: test-api 1-2
2025-11-18 19:31:35,562 INFO o.a.j.t.JMeterThread: Thread is done: test-api 1-3
2025-11-18 19:31:35,563 INFO o.a.j.t.JMeterThread: Thread is done: test-api 1-4
2025-11-18 19:31:35,563 INFO o.a.j.t.JMeterThread: Thread finished: test-api 1-3
2025-11-18 19:31:35,563 INFO o.a.j.t.JMeterThread: Thread finished: test-api 1-4
2025-11-18 19:31:35,563 INFO o.a.j.t.JMeterThread: Thread finished: test-api 1-2
2025-11-18 19:31:35,580 INFO o.a.j.t.JMeterThread: Thread is done: test-api 1-6
2025-11-18 19:31:35,580 INFO o.a.j.t.JMeterThread: Thread finished: test-api 1-6
2025-11-18 19:31:35,610 INFO o.a.j.t.JMeterThread: Thread started: test-api 1-7
2025-11-18 19:31:35,658 INFO o.a.j.t.JMeterThread: Thread is done: test-api 1-7
2025-11-18 19:31:35,659 INFO o.a.j.t.JMeterThread: Thread finished: test-api 1-7
2025-11-18 19:31:35,708 INFO o.a.j.t.JMeterThread: Thread started: test-api 1-8
2025-11-18 19:31:35,760 INFO o.a.j.t.JMeterThread: Thread is done: test-api 1-8
2025-11-18 19:31:35,760 INFO o.a.j.t.JMeterThread: Thread finished: test-api 1-8
2025-11-18 19:31:35,809 INFO o.a.j.t.JMeterThread: Thread started: test-api 1-9
2025-11-18 19:31:35,841 INFO o.a.j.t.JMeterThread: Thread is done: test-api 1-9
2025-11-18 19:31:35,841 INFO o.a.j.t.JMeterThread: Thread finished: test-api 1-9
2025-11-18 19:31:35,911 INFO o.a.j.t.JMeterThread: Thread started: test-api 1-10
2025-11-18 19:31:35,940 INFO o.a.j.t.JMeterThread: Thread is done: test-api 1-10
2025-11-18 19:31:35,940 INFO o.a.j.t.JMeterThread: Thread finished: test-api 1-10
2025-11-18 19:31:36,009 INFO o.a.j.t.JMeterThread: Thread started: test-api 1-11
2025-11-18 19:31:36,069 INFO o.a.j.t.JMeterThread: Thread is done: test-api 1-11
2025-11-18 19:31:36,069 INFO o.a.j.t.JMeterThread: Thread finished: test-api 1-11
2025-11-18 19:31:36,107 INFO o.a.j.t.JMeterThread: Thread started: test-api 1-12
2025-11-18 19:31:36,145 INFO o.a.j.t.JMeterThread: Thread is done: test-api 1-12
2025-11-18 19:31:36,145 INFO o.a.j.t.JMeterThread: Thread finished: test-api 1-12
2025-11-18 19:31:36,209 INFO o.a.j.t.JMeterThread: Thread started: test-api 1-13
2025-11-18 19:31:36,258 INFO o.a.j.t.JMeterThread: Thread is done: test-api 1-13
2025-11-18 19:31:36,258 INFO o.a.j.t.JMeterThread: Thread finished: test-api 1-13
2025-11-18 19:31:36,308 INFO o.a.j.t.JMeterThread: Thread started: test-api 1-14
2025-11-18 19:31:36,341 INFO o.a.j.t.JMeterThread: Thread is done: test-api 1-14
2025-11-18 19:31:36,342 INFO o.a.j.t.JMeterThread: Thread finished: test-api 1-14
2025-11-18 19:31:36,409 INFO o.a.j.t.JMeterThread: Thread started: test-api 1-15
2025-11-18 19:31:36,421 INFO o.a.j.t.JMeterThread: Thread is done: test-api 1-15
2025-11-18 19:31:36,422 INFO o.a.j.t.JMeterThread: Thread finished: test-api 1-15
2025-11-18 19:31:36,511 INFO o.a.j.t.JMeterThread: Thread started: test-api 1-16
2025-11-18 19:31:36,553 INFO o.a.j.t.JMeterThread: Thread is done: test-api 1-16
2025-11-18 19:31:36,553 INFO o.a.j.t.JMeterThread: Thread finished: test-api 1-16
2025-11-18 19:31:36,609 INFO o.a.j.t.JMeterThread: Thread started: test-api 1-17
2025-11-18 19:31:36,643 INFO o.a.j.t.JMeterThread: Thread is done: test-api 1-17
2025-11-18 19:31:36,644 INFO o.a.j.t.JMeterThread: Thread finished: test-api 1-17
2025-11-18 19:31:36,707 INFO o.a.j.t.JMeterThread: Thread started: test-api 1-18
2025-11-18 19:31:36,717 INFO o.a.j.t.JMeterThread: Thread is done: test-api 1-18
2025-11-18 19:31:36,717 INFO o.a.j.t.JMeterThread: Thread finished: test-api 1-18
2025-11-18 19:31:36,814 INFO o.a.j.t.JMeterThread: Thread started: test-api 1-19
2025-11-18 19:31:36,835 INFO o.a.j.t.JMeterThread: Thread is done: test-api 1-19
2025-11-18 19:31:36,835 INFO o.a.j.t.JMeterThread: Thread finished: test-api 1-19
2025-11-18 19:31:36,913 INFO o.a.j.t.JMeterThread: Thread started: test-api 1-20
2025-11-18 19:31:36,937 INFO o.a.j.t.JMeterThread: Thread is done: test-api 1-20
2025-11-18 19:31:36,938 INFO o.a.j.t.JMeterThread: Thread finished: test-api 1-20
2025-11-18 19:31:37,014 INFO o.a.j.t.JMeterThread: Thread started: test-api 1-21
2025-11-18 19:31:37,028 INFO o.a.j.t.JMeterThread: Thread is done: test-api 1-21
2025-11-18 19:31:37,028 INFO o.a.j.t.JMeterThread: Thread finished: test-api 1-21
2025-11-18 19:31:37,113 INFO o.a.j.t.JMeterThread: Thread started: test-api 1-22
2025-11-18 19:31:37,140 INFO o.a.j.t.JMeterThread: Thread is done: test-api 1-22
2025-11-18 19:31:37,140 INFO o.a.j.t.JMeterThread: Thread finished: test-api 1-22
2025-11-18 19:31:37,212 INFO o.a.j.t.JMeterThread: Thread started: test-api 1-23
2025-11-18 19:31:37,244 INFO o.a.j.t.JMeterThread: Thread is done: test-api 1-23
2025-11-18 19:31:37,244 INFO o.a.j.t.JMeterThread: Thread finished: test-api 1-23
2025-11-18 19:31:37,312 INFO o.a.j.t.JMeterThread: Thread started: test-api 1-24
2025-11-18 19:31:37,324 INFO o.a.j.t.JMeterThread: Thread is done: test-api 1-24
2025-11-18 19:31:37,324 INFO o.a.j.t.JMeterThread: Thread finished: test-api 1-24
2025-11-18 19:31:37,413 INFO o.a.j.t.JMeterThread: Thread started: test-api 1-25
2025-11-18 19:31:37,428 INFO o.a.j.t.JMeterThread: Thread is done: test-api 1-25
2025-11-18 19:31:37,428 INFO o.a.j.t.JMeterThread: Thread finished: test-api 1-25
2025-11-18 19:31:37,513 INFO o.a.j.t.JMeterThread: Thread started: test-api 1-26
2025-11-18 19:31:37,536 INFO o.a.j.t.JMeterThread: Thread is done: test-api 1-26
2025-11-18 19:31:37,536 INFO o.a.j.t.JMeterThread: Thread finished: test-api 1-26
2025-11-18 19:31:37,611 INFO o.a.j.t.JMeterThread: Thread started: test-api 1-27
2025-11-18 19:31:37,630 INFO o.a.j.t.JMeterThread: Thread is done: test-api 1-27
2025-11-18 19:31:37,630 INFO o.a.j.t.JMeterThread: Thread finished: test-api 1-27
2025-11-18 19:31:37,710 INFO o.a.j.t.JMeterThread: Thread started: test-api 1-28
2025-11-18 19:31:37,727 INFO o.a.j.t.JMeterThread: Thread is done: test-api 1-28
2025-11-18 19:31:37,727 INFO o.a.j.t.JMeterThread: Thread finished: test-api 1-28
2025-11-18 19:31:37,809 INFO o.a.j.t.JMeterThread: Thread started: test-api 1-29
2025-11-18 19:31:37,844 INFO o.a.j.t.JMeterThread: Thread is done: test-api 1-29
2025-11-18 19:31:37,844 INFO o.a.j.t.JMeterThread: Thread finished: test-api 1-29
2025-11-18 19:31:37,911 INFO o.a.j.t.JMeterThread: Thread started: test-api 1-30
2025-11-18 19:31:37,921 INFO o.a.j.t.JMeterThread: Thread is done: test-api 1-30
2025-11-18 19:31:37,921 INFO o.a.j.t.JMeterThread: Thread finished: test-api 1-30
2025-11-18 19:31:38,012 INFO o.a.j.t.JMeterThread: Thread started: test-api 1-31
2025-11-18 19:31:38,023 INFO o.a.j.t.JMeterThread: Thread is done: test-api 1-31
2025-11-18 19:31:38,024 INFO o.a.j.t.JMeterThread: Thread finished: test-api 1-31
2025-11-18 19:31:38,110 INFO o.a.j.t.JMeterThread: Thread started: test-api 1-32
2025-11-18 19:31:38,134 INFO o.a.j.t.JMeterThread: Thread is done: test-api 1-32
2025-11-18 19:31:38,134 INFO o.a.j.t.JMeterThread: Thread finished: test-api 1-32
2025-11-18 19:31:38,212 INFO o.a.j.t.JMeterThread: Thread started: test-api 1-33
2025-11-18 19:31:38,226 INFO o.a.j.t.JMeterThread: Thread is done: test-api 1-33
2025-11-18 19:31:38,226 INFO o.a.j.t.JMeterThread: Thread finished: test-api 1-33
2025-11-18 19:31:38,309 INFO o.a.j.t.JMeterThread: Thread started: test-api 1-34
2025-11-18 19:31:38,319 INFO o.a.j.t.JMeterThread: Thread is done: test-api 1-34
2025-11-18 19:31:38,319 INFO o.a.j.t.JMeterThread: Thread finished: test-api 1-34
2025-11-18 19:31:38,410 INFO o.a.j.t.JMeterThread: Thread started: test-api 1-35
2025-11-18 19:31:38,436 INFO o.a.j.t.JMeterThread: Thread is done: test-api 1-35
2025-11-18 19:31:38,436 INFO o.a.j.t.JMeterThread: Thread finished: test-api 1-35
2025-11-18 19:31:38,520 INFO o.a.j.t.JMeterThread: Thread started: test-api 1-36
2025-11-18 19:31:38,540 INFO o.a.j.t.JMeterThread: Thread is done: test-api 1-36
2025-11-18 19:31:38,541 INFO o.a.j.t.JMeterThread: Thread finished: test-api 1-36
2025-11-18 19:31:38,609 INFO o.a.j.t.JMeterThread: Thread started: test-api 1-37
2025-11-18 19:31:38,623 INFO o.a.j.t.JMeterThread: Thread is done: test-api 1-37
2025-11-18 19:31:38,623 INFO o.a.j.t.JMeterThread: Thread finished: test-api 1-37
2025-11-18 19:31:38,720 INFO o.a.j.t.JMeterThread: Thread started: test-api 1-38
2025-11-18 19:31:38,733 INFO o.a.j.t.JMeterThread: Thread is done: test-api 1-38
2025-11-18 19:31:38,733 INFO o.a.j.t.JMeterThread: Thread finished: test-api 1-38
2025-11-18 19:31:38,809 INFO o.a.j.t.JMeterThread: Thread started: test-api 1-39
2025-11-18 19:31:38,825 INFO o.a.j.t.JMeterThread: Thread is done: test-api 1-39
2025-11-18 19:31:38,825 INFO o.a.j.t.JMeterThread: Thread finished: test-api 1-39
2025-11-18 19:31:38,918 INFO o.a.j.t.JMeterThread: Thread started: test-api 1-40
2025-11-18 19:31:38,930 INFO o.a.j.t.JMeterThread: Thread is done: test-api 1-40
2025-11-18 19:31:38,930 INFO o.a.j.t.JMeterThread: Thread finished: test-api 1-40
2025-11-18 19:31:39,013 INFO o.a.j.t.JMeterThread: Thread started: test-api 1-41
2025-11-18 19:31:39,032 INFO o.a.j.t.JMeterThread: Thread is done: test-api 1-41
2025-11-18 19:31:39,032 INFO o.a.j.t.JMeterThread: Thread finished: test-api 1-41
2025-11-18 19:31:39,108 INFO o.a.j.t.JMeterThread: Thread started: test-api 1-42
2025-11-18 19:31:39,133 INFO o.a.j.t.JMeterThread: Thread is done: test-api 1-42
2025-11-18 19:31:39,133 INFO o.a.j.t.JMeterThread: Thread finished: test-api 1-42
2025-11-18 19:31:39,210 INFO o.a.j.t.JMeterThread: Thread started: test-api 1-43
2025-11-18 19:31:39,221 INFO o.a.j.t.JMeterThread: Thread is done: test-api 1-43
2025-11-18 19:31:39,221 INFO o.a.j.t.JMeterThread: Thread finished: test-api 1-43
2025-11-18 19:31:39,310 INFO o.a.j.t.JMeterThread: Thread started: test-api 1-44
2025-11-18 19:31:39,322 INFO o.a.j.t.JMeterThread: Thread is done: test-api 1-44
2025-11-18 19:31:39,323 INFO o.a.j.t.JMeterThread: Thread finished: test-api 1-44
2025-11-18 19:31:39,409 INFO o.a.j.t.JMeterThread: Thread started: test-api 1-45
2025-11-18 19:31:39,428 INFO o.a.j.t.JMeterThread: Thread is done: test-api 1-45
2025-11-18 19:31:39,428 INFO o.a.j.t.JMeterThread: Thread finished: test-api 1-45
2025-11-18 19:31:39,509 INFO o.a.j.t.JMeterThread: Thread started: test-api 1-46
2025-11-18 19:31:39,521 INFO o.a.j.t.JMeterThread: Thread is done: test-api 1-46
2025-11-18 19:31:39,521 INFO o.a.j.t.JMeterThread: Thread finished: test-api 1-46
2025-11-18 19:31:39,610 INFO o.a.j.t.JMeterThread: Thread started: test-api 1-47
2025-11-18 19:31:39,622 INFO o.a.j.t.JMeterThread: Thread is done: test-api 1-47
2025-11-18 19:31:39,622 INFO o.a.j.t.JMeterThread: Thread finished: test-api 1-47
2025-11-18 19:31:39,707 INFO o.a.j.t.JMeterThread: Thread started: test-api 1-48
2025-11-18 19:31:39,727 INFO o.a.j.t.JMeterThread: Thread is done: test-api 1-48
2025-11-18 19:31:39,727 INFO o.a.j.t.JMeterThread: Thread finished: test-api 1-48
2025-11-18 19:31:39,808 INFO o.a.j.t.JMeterThread: Thread started: test-api 1-49
2025-11-18 19:31:39,824 INFO o.a.j.t.JMeterThread: Thread is done: test-api 1-49
2025-11-18 19:31:39,824 INFO o.a.j.t.JMeterThread: Thread finished: test-api 1-49
2025-11-18 19:31:39,911 INFO o.a.j.t.JMeterThread: Thread started: test-api 1-50
2025-11-18 19:31:39,923 INFO o.a.j.t.JMeterThread: Thread is done: test-api 1-50
2025-11-18 19:31:39,923 INFO o.a.j.t.JMeterThread: Thread finished: test-api 1-50
2025-11-18 19:31:40,009 INFO o.a.j.t.JMeterThread: Thread started: test-api 1-51
2025-11-18 19:31:40,037 INFO o.a.j.t.JMeterThread: Thread is done: test-api 1-51
2025-11-18 19:31:40,038 INFO o.a.j.t.JMeterThread: Thread finished: test-api 1-51
2025-11-18 19:31:40,107 INFO o.a.j.t.JMeterThread: Thread started: test-api 1-52
2025-11-18 19:31:40,121 INFO o.a.j.t.JMeterThread: Thread is done: test-api 1-52
2025-11-18 19:31:40,121 INFO o.a.j.t.JMeterThread: Thread finished: test-api 1-52
2025-11-18 19:31:40,208 INFO o.a.j.t.JMeterThread: Thread started: test-api 1-53
2025-11-18 19:31:40,216 INFO o.a.j.t.JMeterThread: Thread is done: test-api 1-53
2025-11-18 19:31:40,216 INFO o.a.j.t.JMeterThread: Thread finished: test-api 1-53
2025-11-18 19:31:40,309 INFO o.a.j.t.JMeterThread: Thread started: test-api 1-54
2025-11-18 19:31:40,341 INFO o.a.j.t.JMeterThread: Thread is done: test-api 1-54
2025-11-18 19:31:40,341 INFO o.a.j.t.JMeterThread: Thread finished: test-api 1-54
2025-11-18 19:31:40,409 INFO o.a.j.t.JMeterThread: Thread started: test-api 1-55
2025-11-18 19:31:40,429 INFO o.a.j.t.JMeterThread: Thread is done: test-api 1-55
2025-11-18 19:31:40,430 INFO o.a.j.t.JMeterThread: Thread finished: test-api 1-55
2025-11-18 19:31:40,511 INFO o.a.j.t.JMeterThread: Thread started: test-api 1-56
2025-11-18 19:31:40,520 INFO o.a.j.t.JMeterThread: Thread is done: test-api 1-56
2025-11-18 19:31:40,520 INFO o.a.j.t.JMeterThread: Thread finished: test-api 1-56
2025-11-18 19:31:40,611 INFO o.a.j.t.JMeterThread: Thread started: test-api 1-57
2025-11-18 19:31:40,651 INFO o.a.j.t.JMeterThread: Thread is done: test-api 1-57
2025-11-18 19:31:40,651 INFO o.a.j.t.JMeterThread: Thread finished: test-api 1-57
2025-11-18 19:31:40,707 INFO o.a.j.t.JMeterThread: Thread started: test-api 1-58
2025-11-18 19:31:40,742 INFO o.a.j.t.JMeterThread: Thread is done: test-api 1-58
2025-11-18 19:31:40,743 INFO o.a.j.t.JMeterThread: Thread finished: test-api 1-58
2025-11-18 19:31:40,808 INFO o.a.j.t.JMeterThread: Thread started: test-api 1-59
2025-11-18 19:31:40,819 INFO o.a.j.t.JMeterThread: Thread is done: test-api 1-59
2025-11-18 19:31:40,819 INFO o.a.j.t.JMeterThread: Thread finished: test-api 1-59
2025-11-18 19:31:40,908 INFO o.a.j.t.JMeterThread: Thread started: test-api 1-60
2025-11-18 19:31:40,919 INFO o.a.j.t.JMeterThread: Thread is done: test-api 1-60
2025-11-18 19:31:40,919 INFO o.a.j.t.JMeterThread: Thread finished: test-api 1-60
2025-11-18 19:31:41,006 INFO o.a.j.t.JMeterThread: Thread started: test-api 1-61
2025-11-18 19:31:41,038 INFO o.a.j.t.JMeterThread: Thread is done: test-api 1-61
2025-11-18 19:31:41,039 INFO o.a.j.t.JMeterThread: Thread finished: test-api 1-61
2025-11-18 19:31:41,109 INFO o.a.j.t.JMeterThread: Thread started: test-api 1-62
2025-11-18 19:31:41,118 INFO o.a.j.t.JMeterThread: Thread is done: test-api 1-62
2025-11-18 19:31:41,118 INFO o.a.j.t.JMeterThread: Thread finished: test-api 1-62
2025-11-18 19:31:41,210 INFO o.a.j.t.JMeterThread: Thread started: test-api 1-63
2025-11-18 19:31:41,219 INFO o.a.j.t.JMeterThread: Thread is done: test-api 1-63
2025-11-18 19:31:41,219 INFO o.a.j.t.JMeterThread: Thread finished: test-api 1-63
2025-11-18 19:31:41,308 INFO o.a.j.t.JMeterThread: Thread started: test-api 1-64
2025-11-18 19:31:41,348 INFO o.a.j.t.JMeterThread: Thread is done: test-api 1-64
2025-11-18 19:31:41,349 INFO o.a.j.t.JMeterThread: Thread finished: test-api 1-64
2025-11-18 19:31:41,410 INFO o.a.j.t.JMeterThread: Thread started: test-api 1-65
2025-11-18 19:31:41,446 INFO o.a.j.t.JMeterThread: Thread is done: test-api 1-65
2025-11-18 19:31:41,447 INFO o.a.j.t.JMeterThread: Thread finished: test-api 1-65
2025-11-18 19:31:41,509 INFO o.a.j.t.JMeterThread: Thread started: test-api 1-66
2025-11-18 19:31:41,516 INFO o.a.j.t.JMeterThread: Thread is done: test-api 1-66
2025-11-18 19:31:41,516 INFO o.a.j.t.JMeterThread: Thread finished: test-api 1-66
2025-11-18 19:31:41,610 INFO o.a.j.t.JMeterThread: Thread started: test-api 1-67
2025-11-18 19:31:41,623 INFO o.a.j.t.JMeterThread: Thread is done: test-api 1-67
2025-11-18 19:31:41,623 INFO o.a.j.t.JMeterThread: Thread finished: test-api 1-67
2025-11-18 19:31:41,710 INFO o.a.j.t.JMeterThread: Thread started: test-api 1-68
2025-11-18 19:31:41,766 INFO o.a.j.t.JMeterThread: Thread is done: test-api 1-68
2025-11-18 19:31:41,766 INFO o.a.j.t.JMeterThread: Thread finished: test-api 1-68
2025-11-18 19:31:41,808 INFO o.a.j.t.JMeterThread: Thread started: test-api 1-69
2025-11-18 19:31:41,850 INFO o.a.j.t.JMeterThread: Thread is done: test-api 1-69
2025-11-18 19:31:41,851 INFO o.a.j.t.JMeterThread: Thread finished: test-api 1-69
2025-11-18 19:31:41,909 INFO o.a.j.t.JMeterThread: Thread started: test-api 1-70
2025-11-18 19:31:41,917 INFO o.a.j.t.JMeterThread: Thread is done: test-api 1-70
2025-11-18 19:31:41,917 INFO o.a.j.t.JMeterThread: Thread finished: test-api 1-70
2025-11-18 19:31:42,008 INFO o.a.j.t.JMeterThread: Thread started: test-api 1-71
2025-11-18 19:31:42,026 INFO o.a.j.t.JMeterThread: Thread is done: test-api 1-71
2025-11-18 19:31:42,026 INFO o.a.j.t.JMeterThread: Thread finished: test-api 1-71
2025-11-18 19:31:42,107 INFO o.a.j.t.JMeterThread: Thread started: test-api 1-72
2025-11-18 19:31:42,142 INFO o.a.j.t.JMeterThread: Thread is done: test-api 1-72
2025-11-18 19:31:42,142 INFO o.a.j.t.JMeterThread: Thread finished: test-api 1-72
2025-11-18 19:31:42,208 INFO o.a.j.t.JMeterThread: Thread started: test-api 1-73
2025-11-18 19:31:42,217 INFO o.a.j.t.JMeterThread: Thread is done: test-api 1-73
2025-11-18 19:31:42,217 INFO o.a.j.t.JMeterThread: Thread finished: test-api 1-73
2025-11-18 19:31:42,307 INFO o.a.j.t.JMeterThread: Thread started: test-api 1-74
2025-11-18 19:31:42,317 INFO o.a.j.t.JMeterThread: Thread is done: test-api 1-74
2025-11-18 19:31:42,317 INFO o.a.j.t.JMeterThread: Thread finished: test-api 1-74
2025-11-18 19:31:42,407 INFO o.a.j.t.JMeterThread: Thread started: test-api 1-75
2025-11-18 19:31:42,430 INFO o.a.j.t.JMeterThread: Thread is done: test-api 1-75
2025-11-18 19:31:42,430 INFO o.a.j.t.JMeterThread: Thread finished: test-api 1-75
2025-11-18 19:31:42,507 INFO o.a.j.t.JMeterThread: Thread started: test-api 1-76
2025-11-18 19:31:42,534 INFO o.a.j.t.JMeterThread: Thread is done: test-api 1-76
2025-11-18 19:31:42,535 INFO o.a.j.t.JMeterThread: Thread finished: test-api 1-76
2025-11-18 19:31:42,607 INFO o.a.j.t.JMeterThread: Thread started: test-api 1-77
2025-11-18 19:31:42,614 INFO o.a.j.t.JMeterThread: Thread is done: test-api 1-77
2025-11-18 19:31:42,614 INFO o.a.j.t.JMeterThread: Thread finished: test-api 1-77
2025-11-18 19:31:42,710 INFO o.a.j.t.JMeterThread: Thread started: test-api 1-78
2025-11-18 19:31:42,718 INFO o.a.j.t.JMeterThread: Thread is done: test-api 1-78
2025-11-18 19:31:42,718 INFO o.a.j.t.JMeterThread: Thread finished: test-api 1-78
2025-11-18 19:31:42,813 INFO o.a.j.t.JMeterThread: Thread started: test-api 1-79
2025-11-18 19:31:42,845 INFO o.a.j.t.JMeterThread: Thread is done: test-api 1-79
2025-11-18 19:31:42,845 INFO o.a.j.t.JMeterThread: Thread finished: test-api 1-79
2025-11-18 19:31:42,913 INFO o.a.j.t.JMeterThread: Thread started: test-api 1-80
2025-11-18 19:31:42,921 INFO o.a.j.t.JMeterThread: Thread is done: test-api 1-80
2025-11-18 19:31:42,921 INFO o.a.j.t.JMeterThread: Thread finished: test-api 1-80
2025-11-18 19:31:43,013 INFO o.a.j.t.JMeterThread: Thread started: test-api 1-81
2025-11-18 19:31:43,023 INFO o.a.j.t.JMeterThread: Thread is done: test-api 1-81
2025-11-18 19:31:43,023 INFO o.a.j.t.JMeterThread: Thread finished: test-api 1-81
2025-11-18 19:31:43,110 INFO o.a.j.t.JMeterThread: Thread started: test-api 1-82
2025-11-18 19:31:43,143 INFO o.a.j.t.JMeterThread: Thread is done: test-api 1-82
2025-11-18 19:31:43,143 INFO o.a.j.t.JMeterThread: Thread finished: test-api 1-82
2025-11-18 19:31:43,210 INFO o.a.j.t.JMeterThread: Thread started: test-api 1-83
2025-11-18 19:31:43,236 INFO o.a.j.t.JMeterThread: Thread is done: test-api 1-83
2025-11-18 19:31:43,236 INFO o.a.j.t.JMeterThread: Thread finished: test-api 1-83
2025-11-18 19:31:43,311 INFO o.a.j.t.JMeterThread: Thread started: test-api 1-84
2025-11-18 19:31:43,322 INFO o.a.j.t.JMeterThread: Thread is done: test-api 1-84
2025-11-18 19:31:43,322 INFO o.a.j.t.JMeterThread: Thread finished: test-api 1-84
2025-11-18 19:31:43,410 INFO o.a.j.t.JMeterThread: Thread started: test-api 1-85
2025-11-18 19:31:43,430 INFO o.a.j.t.JMeterThread: Thread is done: test-api 1-85
2025-11-18 19:31:43,430 INFO o.a.j.t.JMeterThread: Thread finished: test-api 1-85
2025-11-18 19:31:43,510 INFO o.a.j.t.JMeterThread: Thread started: test-api 1-86
2025-11-18 19:31:43,549 INFO o.a.j.t.JMeterThread: Thread is done: test-api 1-86
2025-11-18 19:31:43,549 INFO o.a.j.t.JMeterThread: Thread finished: test-api 1-86
2025-11-18 19:31:43,611 INFO o.a.j.t.JMeterThread: Thread started: test-api 1-87
2025-11-18 19:31:43,628 INFO o.a.j.t.JMeterThread: Thread is done: test-api 1-87
2025-11-18 19:31:43,628 INFO o.a.j.t.JMeterThread: Thread finished: test-api 1-87
2025-11-18 19:31:43,709 INFO o.a.j.t.JMeterThread: Thread started: test-api 1-88
2025-11-18 19:31:43,720 INFO o.a.j.t.JMeterThread: Thread is done: test-api 1-88
2025-11-18 19:31:43,721 INFO o.a.j.t.JMeterThread: Thread finished: test-api 1-88
2025-11-18 19:31:43,808 INFO o.a.j.t.JMeterThread: Thread started: test-api 1-89
2025-11-18 19:31:43,821 INFO o.a.j.t.JMeterThread: Thread is done: test-api 1-89
2025-11-18 19:31:43,821 INFO o.a.j.t.JMeterThread: Thread finished: test-api 1-89
2025-11-18 19:31:43,911 INFO o.a.j.t.JMeterThread: Thread started: test-api 1-90
2025-11-18 19:31:43,943 INFO o.a.j.t.JMeterThread: Thread is done: test-api 1-90
2025-11-18 19:31:43,944 INFO o.a.j.t.JMeterThread: Thread finished: test-api 1-90
2025-11-18 19:31:44,010 INFO o.a.j.t.JMeterThread: Thread started: test-api 1-91
2025-11-18 19:31:44,022 INFO o.a.j.t.JMeterThread: Thread is done: test-api 1-91
2025-11-18 19:31:44,022 INFO o.a.j.t.JMeterThread: Thread finished: test-api 1-91
2025-11-18 19:31:44,110 INFO o.a.j.t.JMeterThread: Thread started: test-api 1-92
2025-11-18 19:31:44,119 INFO o.a.j.t.JMeterThread: Thread is done: test-api 1-92
2025-11-18 19:31:44,120 INFO o.a.j.t.JMeterThread: Thread finished: test-api 1-92
2025-11-18 19:31:44,209 INFO o.a.j.t.JMeterThread: Thread started: test-api 1-93
2025-11-18 19:31:44,233 INFO o.a.j.t.JMeterThread: Thread is done: test-api 1-93
2025-11-18 19:31:44,233 INFO o.a.j.t.JMeterThread: Thread finished: test-api 1-93
2025-11-18 19:31:44,308 INFO o.a.j.t.JMeterThread: Thread started: test-api 1-94
2025-11-18 19:31:44,324 INFO o.a.j.t.JMeterThread: Thread is done: test-api 1-94
2025-11-18 19:31:44,324 INFO o.a.j.t.JMeterThread: Thread finished: test-api 1-94
2025-11-18 19:31:44,408 INFO o.a.j.t.JMeterThread: Thread started: test-api 1-95
2025-11-18 19:31:44,417 INFO o.a.j.t.JMeterThread: Thread is done: test-api 1-95
2025-11-18 19:31:44,417 INFO o.a.j.t.JMeterThread: Thread finished: test-api 1-95
2025-11-18 19:31:44,509 INFO o.a.j.t.JMeterThread: Thread started: test-api 1-96
2025-11-18 19:31:44,538 INFO o.a.j.t.JMeterThread: Thread is done: test-api 1-96
2025-11-18 19:31:44,538 INFO o.a.j.t.JMeterThread: Thread finished: test-api 1-96
2025-11-18 19:31:44,609 INFO o.a.j.t.JMeterThread: Thread started: test-api 1-97
2025-11-18 19:31:44,621 INFO o.a.j.t.JMeterThread: Thread is done: test-api 1-97
2025-11-18 19:31:44,621 INFO o.a.j.t.JMeterThread: Thread finished: test-api 1-97
2025-11-18 19:31:44,709 INFO o.a.j.t.JMeterThread: Thread started: test-api 1-98
2025-11-18 19:31:44,716 INFO o.a.j.t.JMeterThread: Thread is done: test-api 1-98
2025-11-18 19:31:44,716 INFO o.a.j.t.JMeterThread: Thread finished: test-api 1-98
2025-11-18 19:31:44,808 INFO o.a.j.t.JMeterThread: Thread started: test-api 1-99
2025-11-18 19:31:44,823 INFO o.a.j.t.JMeterThread: Thread is done: test-api 1-99
2025-11-18 19:31:44,824 INFO o.a.j.t.JMeterThread: Thread finished: test-api 1-99
2025-11-18 19:31:44,909 INFO o.a.j.t.JMeterThread: Thread started: test-api 1-100
2025-11-18 19:31:44,933 INFO o.a.j.t.JMeterThread: Thread is done: test-api 1-100
2025-11-18 19:31:44,934 INFO o.a.j.t.JMeterThread: Thread finished: test-api 1-100
2025-11-18 19:31:45,008 INFO o.a.j.t.JMeterThread: Thread started: test-api 1-101
2025-11-18 19:31:45,016 INFO o.a.j.t.JMeterThread: Thread is done: test-api 1-101
2025-11-18 19:31:45,016 INFO o.a.j.t.JMeterThread: Thread finished: test-api 1-101
2025-11-18 19:31:45,118 INFO o.a.j.t.JMeterThread: Thread started: test-api 1-102
2025-11-18 19:31:45,136 INFO o.a.j.t.JMeterThread: Thread is done: test-api 1-102
2025-11-18 19:31:45,136 INFO o.a.j.t.JMeterThread: Thread finished: test-api 1-102
2025-11-18 19:31:45,208 INFO o.a.j.t.JMeterThread: Thread started: test-api 1-103
2025-11-18 19:31:45,240 INFO o.a.j.t.JMeterThread: Thread is done: test-api 1-103
2025-11-18 19:31:45,240 INFO o.a.j.t.JMeterThread: Thread finished: test-api 1-103
2025-11-18 19:31:45,309 INFO o.a.j.t.JMeterThread: Thread started: test-api 1-104
2025-11-18 19:31:45,317 INFO o.a.j.t.JMeterThread: Thread is done: test-api 1-104
2025-11-18 19:31:45,317 INFO o.a.j.t.JMeterThread: Thread finished: test-api 1-104
2025-11-18 19:31:45,407 INFO o.a.j.t.JMeterThread: Thread started: test-api 1-105
2025-11-18 19:31:45,420 INFO o.a.j.t.JMeterThread: Thread is done: test-api 1-105
2025-11-18 19:31:45,420 INFO o.a.j.t.JMeterThread: Thread finished: test-api 1-105
2025-11-18 19:31:45,509 INFO o.a.j.t.JMeterThread: Thread started: test-api 1-106
2025-11-18 19:31:45,530 INFO o.a.j.t.JMeterThread: Thread is done: test-api 1-106
2025-11-18 19:31:45,530 INFO o.a.j.t.JMeterThread: Thread finished: test-api 1-106
2025-11-18 19:31:45,609 INFO o.a.j.t.JMeterThread: Thread started: test-api 1-107
2025-11-18 19:31:45,618 INFO o.a.j.t.JMeterThread: Thread is done: test-api 1-107
2025-11-18 19:31:45,618 INFO o.a.j.t.JMeterThread: Thread finished: test-api 1-107
2025-11-18 19:31:45,709 INFO o.a.j.t.JMeterThread: Thread started: test-api 1-108
2025-11-18 19:31:45,719 INFO o.a.j.t.JMeterThread: Thread is done: test-api 1-108
2025-11-18 19:31:45,719 INFO o.a.j.t.JMeterThread: Thread finished: test-api 1-108
2025-11-18 19:31:45,810 INFO o.a.j.t.JMeterThread: Thread started: test-api 1-109
2025-11-18 19:31:45,847 INFO o.a.j.t.JMeterThread: Thread is done: test-api 1-109
2025-11-18 19:31:45,847 INFO o.a.j.t.JMeterThread: Thread finished: test-api 1-109
2025-11-18 19:31:45,909 INFO o.a.j.t.JMeterThread: Thread started: test-api 1-110
2025-11-18 19:31:45,917 INFO o.a.j.t.JMeterThread: Thread is done: test-api 1-110
2025-11-18 19:31:45,917 INFO o.a.j.t.JMeterThread: Thread finished: test-api 1-110
2025-11-18 19:31:46,013 INFO o.a.j.t.JMeterThread: Thread started: test-api 1-111
2025-11-18 19:31:46,023 INFO o.a.j.t.JMeterThread: Thread is done: test-api 1-111
2025-11-18 19:31:46,023 INFO o.a.j.t.JMeterThread: Thread finished: test-api 1-111
2025-11-18 19:31:46,112 INFO o.a.j.t.JMeterThread: Thread started: test-api 1-112
2025-11-18 19:31:46,146 INFO o.a.j.t.JMeterThread: Thread is done: test-api 1-112
2025-11-18 19:31:46,146 INFO o.a.j.t.JMeterThread: Thread finished: test-api 1-112
2025-11-18 19:31:46,213 INFO o.a.j.t.JMeterThread: Thread started: test-api 1-113
2025-11-18 19:31:46,225 INFO o.a.j.t.JMeterThread: Thread is done: test-api 1-113
2025-11-18 19:31:46,225 INFO o.a.j.t.JMeterThread: Thread finished: test-api 1-113
2025-11-18 19:31:46,311 INFO o.a.j.t.JMeterThread: Thread started: test-api 1-114
2025-11-18 19:31:46,320 INFO o.a.j.t.JMeterThread: Thread is done: test-api 1-114
2025-11-18 19:31:46,320 INFO o.a.j.t.JMeterThread: Thread finished: test-api 1-114
2025-11-18 19:31:46,411 INFO o.a.j.t.JMeterThread: Thread started: test-api 1-115
2025-11-18 19:31:46,428 INFO o.a.j.t.JMeterThread: Thread is done: test-api 1-115
2025-11-18 19:31:46,428 INFO o.a.j.t.JMeterThread: Thread finished: test-api 1-115
2025-11-18 19:31:46,512 INFO o.a.j.t.JMeterThread: Thread started: test-api 1-116
2025-11-18 19:31:46,546 INFO o.a.j.t.JMeterThread: Thread is done: test-api 1-116
2025-11-18 19:31:46,546 INFO o.a.j.t.JMeterThread: Thread finished: test-api 1-116
2025-11-18 19:31:46,611 INFO o.a.j.t.JMeterThread: Thread started: test-api 1-117
2025-11-18 19:31:46,619 INFO o.a.j.t.JMeterThread: Thread is done: test-api 1-117
2025-11-18 19:31:46,619 INFO o.a.j.t.JMeterThread: Thread finished: test-api 1-117
2025-11-18 19:31:46,709 INFO o.a.j.t.JMeterThread: Thread started: test-api 1-118
2025-11-18 19:31:46,725 INFO o.a.j.t.JMeterThread: Thread is done: test-api 1-118
2025-11-18 19:31:46,726 INFO o.a.j.t.JMeterThread: Thread finished: test-api 1-118
2025-11-18 19:31:46,809 INFO o.a.j.t.JMeterThread: Thread started: test-api 1-119
2025-11-18 19:31:46,856 INFO o.a.j.t.JMeterThread: Thread is done: test-api 1-119
2025-11-18 19:31:46,857 INFO o.a.j.t.JMeterThread: Thread finished: test-api 1-119
2025-11-18 19:31:46,909 INFO o.a.j.t.JMeterThread: Thread started: test-api 1-120
2025-11-18 19:31:46,934 INFO o.a.j.t.JMeterThread: Thread is done: test-api 1-120
2025-11-18 19:31:46,934 INFO o.a.j.t.JMeterThread: Thread finished: test-api 1-120
2025-11-18 19:31:47,009 INFO o.a.j.t.JMeterThread: Thread started: test-api 1-121
2025-11-18 19:31:47,020 INFO o.a.j.t.JMeterThread: Thread is done: test-api 1-121
2025-11-18 19:31:47,020 INFO o.a.j.t.JMeterThread: Thread finished: test-api 1-121
2025-11-18 19:31:47,110 INFO o.a.j.t.JMeterThread: Thread started: test-api 1-122
2025-11-18 19:31:47,127 INFO o.a.j.t.JMeterThread: Thread is done: test-api 1-122
2025-11-18 19:31:47,127 INFO o.a.j.t.JMeterThread: Thread finished: test-api 1-122
2025-11-18 19:31:47,209 INFO o.a.j.t.JMeterThread: Thread started: test-api 1-123
2025-11-18 19:31:47,243 INFO o.a.j.t.JMeterThread: Thread is done: test-api 1-123
2025-11-18 19:31:47,243 INFO o.a.j.t.JMeterThread: Thread finished: test-api 1-123
2025-11-18 19:31:47,308 INFO o.a.j.t.JMeterThread: Thread started: test-api 1-124
2025-11-18 19:31:47,325 INFO o.a.j.t.JMeterThread: Thread is done: test-api 1-124
2025-11-18 19:31:47,325 INFO o.a.j.t.JMeterThread: Thread finished: test-api 1-124
2025-11-18 19:31:47,408 INFO o.a.j.t.JMeterThread: Thread started: test-api 1-125
2025-11-18 19:31:47,418 INFO o.a.j.t.JMeterThread: Thread is done: test-api 1-125
2025-11-18 19:31:47,418 INFO o.a.j.t.JMeterThread: Thread finished: test-api 1-125
2025-11-18 19:31:47,513 INFO o.a.j.t.JMeterThread: Thread started: test-api 1-126
2025-11-18 19:31:47,534 INFO o.a.j.t.JMeterThread: Thread is done: test-api 1-126
2025-11-18 19:31:47,534 INFO o.a.j.t.JMeterThread: Thread finished: test-api 1-126
2025-11-18 19:31:47,610 INFO o.a.j.t.JMeterThread: Thread started: test-api 1-127
2025-11-18 19:31:47,641 INFO o.a.j.t.JMeterThread: Thread is done: test-api 1-127
2025-11-18 19:31:47,641 INFO o.a.j.t.JMeterThread: Thread finished: test-api 1-127
2025-11-18 19:31:47,709 INFO o.a.j.t.JMeterThread: Thread started: test-api 1-128
2025-11-18 19:31:47,719 INFO o.a.j.t.JMeterThread: Thread is done: test-api 1-128
2025-11-18 19:31:47,719 INFO o.a.j.t.JMeterThread: Thread finished: test-api 1-128
2025-11-18 19:31:47,810 INFO o.a.j.t.JMeterThread: Thread started: test-api 1-129
2025-11-18 19:31:47,827 INFO o.a.j.t.JMeterThread: Thread is done: test-api 1-129
2025-11-18 19:31:47,827 INFO o.a.j.t.JMeterThread: Thread finished: test-api 1-129
2025-11-18 19:31:47,915 INFO o.a.j.t.JMeterThread: Thread started: test-api 1-130
2025-11-18 19:31:47,949 INFO o.a.j.t.JMeterThread: Thread is done: test-api 1-130
2025-11-18 19:31:47,949 INFO o.a.j.t.JMeterThread: Thread finished: test-api 1-130
2025-11-18 19:31:48,020 INFO o.a.j.t.JMeterThread: Thread started: test-api 1-131
2025-11-18 19:31:48,028 INFO o.a.j.t.JMeterThread: Thread is done: test-api 1-131
2025-11-18 19:31:48,028 INFO o.a.j.t.JMeterThread: Thread finished: test-api 1-131
2025-11-18 19:31:48,129 INFO o.a.j.t.JMeterThread: Thread started: test-api 1-132
2025-11-18 19:31:48,142 INFO o.a.j.t.JMeterThread: Thread is done: test-api 1-132
2025-11-18 19:31:48,142 INFO o.a.j.t.JMeterThread: Thread finished: test-api 1-132
2025-11-18 19:31:48,220 INFO o.a.j.t.JMeterThread: Thread started: test-api 1-133
2025-11-18 19:31:48,235 INFO o.a.j.t.JMeterThread: Thread is done: test-api 1-133
2025-11-18 19:31:48,236 INFO o.a.j.t.JMeterThread: Thread finished: test-api 1-133
2025-11-18 19:31:48,330 INFO o.a.j.t.JMeterThread: Thread started: test-api 1-134
2025-11-18 19:31:48,352 INFO o.a.j.t.JMeterThread: Thread is done: test-api 1-134
2025-11-18 19:31:48,352 INFO o.a.j.t.JMeterThread: Thread finished: test-api 1-134
2025-11-18 19:31:48,419 INFO o.a.j.t.JMeterThread: Thread started: test-api 1-135
2025-11-18 19:31:48,430 INFO o.a.j.t.JMeterThread: Thread is done: test-api 1-135
2025-11-18 19:31:48,431 INFO o.a.j.t.JMeterThread: Thread finished: test-api 1-135
2025-11-18 19:31:48,518 INFO o.a.j.t.JMeterThread: Thread started: test-api 1-136
2025-11-18 19:31:48,530 INFO o.a.j.t.JMeterThread: Thread is done: test-api 1-136
2025-11-18 19:31:48,530 INFO o.a.j.t.JMeterThread: Thread finished: test-api 1-136
2025-11-18 19:31:48,621 INFO o.a.j.t.JMeterThread: Thread started: test-api 1-137
2025-11-18 19:31:48,643 INFO o.a.j.t.JMeterThread: Thread is done: test-api 1-137
2025-11-18 19:31:48,643 INFO o.a.j.t.JMeterThread: Thread finished: test-api 1-137
2025-11-18 19:31:48,721 INFO o.a.j.t.JMeterThread: Thread started: test-api 1-138
2025-11-18 19:31:48,729 INFO o.a.j.t.JMeterThread: Thread is done: test-api 1-138
2025-11-18 19:31:48,729 INFO o.a.j.t.JMeterThread: Thread finished: test-api 1-138
2025-11-18 19:31:48,821 INFO o.a.j.t.JMeterThread: Thread started: test-api 1-139
2025-11-18 19:31:48,845 INFO o.a.j.t.JMeterThread: Thread is done: test-api 1-139
2025-11-18 19:31:48,845 INFO o.a.j.t.JMeterThread: Thread finished: test-api 1-139
2025-11-18 19:31:48,935 INFO o.a.j.t.JMeterThread: Thread started: test-api 1-140
2025-11-18 19:31:48,978 INFO o.a.j.t.JMeterThread: Thread is done: test-api 1-140
2025-11-18 19:31:48,978 INFO o.a.j.t.JMeterThread: Thread finished: test-api 1-140
2025-11-18 19:31:49,024 INFO o.a.j.t.JMeterThread: Thread started: test-api 1-141
2025-11-18 19:31:49,052 INFO o.a.j.t.JMeterThread: Thread is done: test-api 1-141
2025-11-18 19:31:49,052 INFO o.a.j.t.JMeterThread: Thread finished: test-api 1-141
2025-11-18 19:31:49,133 INFO o.a.j.t.JMeterThread: Thread started: test-api 1-142
2025-11-18 19:31:49,156 INFO o.a.j.t.JMeterThread: Thread is done: test-api 1-142
2025-11-18 19:31:49,156 INFO o.a.j.t.JMeterThread: Thread finished: test-api 1-142
2025-11-18 19:31:49,224 INFO o.a.j.t.JMeterThread: Thread started: test-api 1-143
2025-11-18 19:31:49,245 INFO o.a.j.t.JMeterThread: Thread is done: test-api 1-143
2025-11-18 19:31:49,246 INFO o.a.j.t.JMeterThread: Thread finished: test-api 1-143
2025-11-18 19:31:49,313 INFO o.a.j.t.JMeterThread: Thread started: test-api 1-144
2025-11-18 19:31:49,349 INFO o.a.j.t.JMeterThread: Thread is done: test-api 1-144
2025-11-18 19:31:49,349 INFO o.a.j.t.JMeterThread: Thread finished: test-api 1-144
2025-11-18 19:31:49,421 INFO o.a.j.t.JMeterThread: Thread started: test-api 1-145
2025-11-18 19:31:49,433 INFO o.a.j.t.JMeterThread: Thread is done: test-api 1-145
2025-11-18 19:31:49,433 INFO o.a.j.t.JMeterThread: Thread finished: test-api 1-145
2025-11-18 19:31:49,522 INFO o.a.j.t.JMeterThread: Thread started: test-api 1-146
2025-11-18 19:31:49,534 INFO o.a.j.t.JMeterThread: Thread is done: test-api 1-146
2025-11-18 19:31:49,534 INFO o.a.j.t.JMeterThread: Thread finished: test-api 1-146
2025-11-18 19:31:49,622 INFO o.a.j.t.JMeterThread: Thread started: test-api 1-147
2025-11-18 19:31:49,657 INFO o.a.j.t.JMeterThread: Thread is done: test-api 1-147
2025-11-18 19:31:49,657 INFO o.a.j.t.JMeterThread: Thread finished: test-api 1-147
2025-11-18 19:31:49,723 INFO o.a.j.t.JMeterThread: Thread started: test-api 1-148
2025-11-18 19:31:49,771 INFO o.a.j.t.JMeterThread: Thread is done: test-api 1-148
2025-11-18 19:31:49,771 INFO o.a.j.t.JMeterThread: Thread finished: test-api 1-148
2025-11-18 19:31:49,829 INFO o.a.j.t.JMeterThread: Thread started: test-api 1-149
2025-11-18 19:31:49,849 INFO o.a.j.t.JMeterThread: Thread is done: test-api 1-149
2025-11-18 19:31:49,849 INFO o.a.j.t.JMeterThread: Thread finished: test-api 1-149
2025-11-18 19:31:49,921 INFO o.a.j.t.JMeterThread: Thread started: test-api 1-150
2025-11-18 19:31:49,933 INFO o.a.j.t.JMeterThread: Thread is done: test-api 1-150
2025-11-18 19:31:49,934 INFO o.a.j.t.JMeterThread: Thread finished: test-api 1-150
2025-11-18 19:31:50,021 INFO o.a.j.t.JMeterThread: Thread started: test-api 1-151
2025-11-18 19:31:50,074 INFO o.a.j.t.JMeterThread: Thread is done: test-api 1-151
2025-11-18 19:31:50,074 INFO o.a.j.t.JMeterThread: Thread finished: test-api 1-151
2025-11-18 19:31:50,122 INFO o.a.j.t.JMeterThread: Thread started: test-api 1-152
2025-11-18 19:31:50,160 INFO o.a.j.t.JMeterThread: Thread is done: test-api 1-152
2025-11-18 19:31:50,160 INFO o.a.j.t.JMeterThread: Thread finished: test-api 1-152
2025-11-18 19:31:50,218 INFO o.a.j.t.JMeterThread: Thread started: test-api 1-153
2025-11-18 19:31:50,231 INFO o.a.j.t.JMeterThread: Thread is done: test-api 1-153
2025-11-18 19:31:50,232 INFO o.a.j.t.JMeterThread: Thread finished: test-api 1-153
2025-11-18 19:31:50,318 INFO o.a.j.t.JMeterThread: Thread started: test-api 1-154
2025-11-18 19:31:50,329 INFO o.a.j.t.JMeterThread: Thread is done: test-api 1-154
2025-11-18 19:31:50,329 INFO o.a.j.t.JMeterThread: Thread finished: test-api 1-154
2025-11-18 19:31:50,419 INFO o.a.j.t.JMeterThread: Thread started: test-api 1-155
2025-11-18 19:31:50,446 INFO o.a.j.t.JMeterThread: Thread is done: test-api 1-155
2025-11-18 19:31:50,446 INFO o.a.j.t.JMeterThread: Thread finished: test-api 1-155
2025-11-18 19:31:50,518 INFO o.a.j.t.JMeterThread: Thread started: test-api 1-156
2025-11-18 19:31:50,528 INFO o.a.j.t.JMeterThread: Thread is done: test-api 1-156
2025-11-18 19:31:50,528 INFO o.a.j.t.JMeterThread: Thread finished: test-api 1-156
2025-11-18 19:31:50,620 INFO o.a.j.t.JMeterThread: Thread started: test-api 1-157
2025-11-18 19:31:50,632 INFO o.a.j.t.JMeterThread: Thread is done: test-api 1-157
2025-11-18 19:31:50,632 INFO o.a.j.t.JMeterThread: Thread finished: test-api 1-157
2025-11-18 19:31:50,722 INFO o.a.j.t.JMeterThread: Thread started: test-api 1-158
2025-11-18 19:31:50,792 INFO o.a.j.t.JMeterThread: Thread is done: test-api 1-158
2025-11-18 19:31:50,792 INFO o.a.j.t.JMeterThread: Thread finished: test-api 1-158
2025-11-18 19:31:50,821 INFO o.a.j.t.JMeterThread: Thread started: test-api 1-159
2025-11-18 19:31:50,830 INFO o.a.j.t.JMeterThread: Thread is done: test-api 1-159
2025-11-18 19:31:50,830 INFO o.a.j.t.JMeterThread: Thread finished: test-api 1-159
2025-11-18 19:31:50,920 INFO o.a.j.t.JMeterThread: Thread started: test-api 1-160
2025-11-18 19:31:50,929 INFO o.a.j.t.JMeterThread: Thread is done: test-api 1-160
2025-11-18 19:31:50,929 INFO o.a.j.t.JMeterThread: Thread finished: test-api 1-160
2025-11-18 19:31:51,020 INFO o.a.j.t.JMeterThread: Thread started: test-api 1-161
2025-11-18 19:31:51,052 INFO o.a.j.t.JMeterThread: Thread is done: test-api 1-161
2025-11-18 19:31:51,052 INFO o.a.j.t.JMeterThread: Thread finished: test-api 1-161
2025-11-18 19:31:51,120 INFO o.a.j.t.JMeterThread: Thread started: test-api 1-162
2025-11-18 19:31:51,134 INFO o.a.j.t.JMeterThread: Thread is done: test-api 1-162
2025-11-18 19:31:51,134 INFO o.a.j.t.JMeterThread: Thread finished: test-api 1-162
2025-11-18 19:31:51,210 INFO o.a.j.t.JMeterThread: Thread started: test-api 1-163
2025-11-18 19:31:51,220 INFO o.a.j.t.JMeterThread: Thread is done: test-api 1-163
2025-11-18 19:31:51,220 INFO o.a.j.t.JMeterThread: Thread finished: test-api 1-163
2025-11-18 19:31:51,317 INFO o.a.j.t.JMeterThread: Thread started: test-api 1-164
2025-11-18 19:31:51,327 INFO o.a.j.t.JMeterThread: Thread is done: test-api 1-164
2025-11-18 19:31:51,327 INFO o.a.j.t.JMeterThread: Thread finished: test-api 1-164
2025-11-18 19:31:51,416 INFO o.a.j.t.JMeterThread: Thread started: test-api 1-165
2025-11-18 19:31:51,446 INFO o.a.j.t.JMeterThread: Thread is done: test-api 1-165
2025-11-18 19:31:51,446 INFO o.a.j.t.JMeterThread: Thread finished: test-api 1-165
2025-11-18 19:31:51,517 INFO o.a.j.t.JMeterThread: Thread started: test-api 1-166
2025-11-18 19:31:51,526 INFO o.a.j.t.JMeterThread: Thread is done: test-api 1-166
2025-11-18 19:31:51,527 INFO o.a.j.t.JMeterThread: Thread finished: test-api 1-166
2025-11-18 19:31:51,615 INFO o.a.j.t.JMeterThread: Thread started: test-api 1-167
2025-11-18 19:31:51,632 INFO o.a.j.t.JMeterThread: Thread is done: test-api 1-167
2025-11-18 19:31:51,632 INFO o.a.j.t.JMeterThread: Thread finished: test-api 1-167
2025-11-18 19:31:51,718 INFO o.a.j.t.JMeterThread: Thread started: test-api 1-168
2025-11-18 19:31:51,762 INFO o.a.j.t.JMeterThread: Thread is done: test-api 1-168
2025-11-18 19:31:51,762 INFO o.a.j.t.JMeterThread: Thread finished: test-api 1-168
2025-11-18 19:31:51,818 INFO o.a.j.t.JMeterThread: Thread started: test-api 1-169
2025-11-18 19:31:51,863 INFO o.a.j.t.JMeterThread: Thread is done: test-api 1-169
2025-11-18 19:31:51,863 INFO o.a.j.t.JMeterThread: Thread finished: test-api 1-169
2025-11-18 19:31:51,912 INFO o.a.j.t.JMeterThread: Thread started: test-api 1-170
2025-11-18 19:31:51,922 INFO o.a.j.t.JMeterThread: Thread is done: test-api 1-170
2025-11-18 19:31:51,922 INFO o.a.j.t.JMeterThread: Thread finished: test-api 1-170
2025-11-18 19:31:52,023 INFO o.a.j.t.JMeterThread: Thread started: test-api 1-171
2025-11-18 19:31:52,031 INFO o.a.j.t.JMeterThread: Thread is done: test-api 1-171
2025-11-18 19:31:52,031 INFO o.a.j.t.JMeterThread: Thread finished: test-api 1-171
2025-11-18 19:31:52,120 INFO o.a.j.t.JMeterThread: Thread started: test-api 1-172
2025-11-18 19:31:52,149 INFO o.a.j.t.JMeterThread: Thread is done: test-api 1-172
2025-11-18 19:31:52,149 INFO o.a.j.t.JMeterThread: Thread finished: test-api 1-172
2025-11-18 19:31:52,219 INFO o.a.j.t.JMeterThread: Thread started: test-api 1-173
2025-11-18 19:31:52,235 INFO o.a.j.t.JMeterThread: Thread is done: test-api 1-173
2025-11-18 19:31:52,235 INFO o.a.j.t.JMeterThread: Thread finished: test-api 1-173
2025-11-18 19:31:52,319 INFO o.a.j.t.JMeterThread: Thread started: test-api 1-174
2025-11-18 19:31:52,328 INFO o.a.j.t.JMeterThread: Thread is done: test-api 1-174
2025-11-18 19:31:52,329 INFO o.a.j.t.JMeterThread: Thread finished: test-api 1-174
2025-11-18 19:31:52,418 INFO o.a.j.t.JMeterThread: Thread started: test-api 1-175
2025-11-18 19:31:52,441 INFO o.a.j.t.JMeterThread: Thread is done: test-api 1-175
2025-11-18 19:31:52,441 INFO o.a.j.t.JMeterThread: Thread finished: test-api 1-175
2025-11-18 19:31:52,515 INFO o.a.j.t.JMeterThread: Thread started: test-api 1-176
2025-11-18 19:31:52,538 INFO o.a.j.t.JMeterThread: Thread is done: test-api 1-176
2025-11-18 19:31:52,538 INFO o.a.j.t.JMeterThread: Thread finished: test-api 1-176
2025-11-18 19:31:52,608 INFO o.a.j.t.JMeterThread: Thread started: test-api 1-177
2025-11-18 19:31:52,619 INFO o.a.j.t.JMeterThread: Thread is done: test-api 1-177
2025-11-18 19:31:52,619 INFO o.a.j.t.JMeterThread: Thread finished: test-api 1-177
2025-11-18 19:31:52,716 INFO o.a.j.t.JMeterThread: Thread started: test-api 1-178
2025-11-18 19:31:52,726 INFO o.a.j.t.JMeterThread: Thread is done: test-api 1-178
2025-11-18 19:31:52,727 INFO o.a.j.t.JMeterThread: Thread finished: test-api 1-178
2025-11-18 19:31:52,816 INFO o.a.j.t.JMeterThread: Thread started: test-api 1-179
2025-11-18 19:31:52,842 INFO o.a.j.t.JMeterThread: Thread is done: test-api 1-179
2025-11-18 19:31:52,843 INFO o.a.j.t.JMeterThread: Thread finished: test-api 1-179
2025-11-18 19:31:52,914 INFO o.a.j.t.JMeterThread: Thread started: test-api 1-180
2025-11-18 19:31:52,925 INFO o.a.j.t.JMeterThread: Thread is done: test-api 1-180
2025-11-18 19:31:52,925 INFO o.a.j.t.JMeterThread: Thread finished: test-api 1-180
2025-11-18 19:31:53,014 INFO o.a.j.t.JMeterThread: Thread started: test-api 1-181
2025-11-18 19:31:53,022 INFO o.a.j.t.JMeterThread: Thread is done: test-api 1-181
2025-11-18 19:31:53,022 INFO o.a.j.t.JMeterThread: Thread finished: test-api 1-181
2025-11-18 19:31:53,110 INFO o.a.j.t.JMeterThread: Thread started: test-api 1-182
2025-11-18 19:31:53,137 INFO o.a.j.t.JMeterThread: Thread is done: test-api 1-182
2025-11-18 19:31:53,138 INFO o.a.j.t.JMeterThread: Thread finished: test-api 1-182
2025-11-18 19:31:53,213 INFO o.a.j.t.JMeterThread: Thread started: test-api 1-183
2025-11-18 19:31:53,227 INFO o.a.j.t.JMeterThread: Thread is done: test-api 1-183
2025-11-18 19:31:53,227 INFO o.a.j.t.JMeterThread: Thread finished: test-api 1-183
2025-11-18 19:31:53,312 INFO o.a.j.t.JMeterThread: Thread started: test-api 1-184
2025-11-18 19:31:53,320 INFO o.a.j.t.JMeterThread: Thread is done: test-api 1-184
2025-11-18 19:31:53,320 INFO o.a.j.t.JMeterThread: Thread finished: test-api 1-184
2025-11-18 19:31:53,412 INFO o.a.j.t.JMeterThread: Thread started: test-api 1-185
2025-11-18 19:31:53,421 INFO o.a.j.t.JMeterThread: Thread is done: test-api 1-185
2025-11-18 19:31:53,421 INFO o.a.j.t.JMeterThread: Thread finished: test-api 1-185
2025-11-18 19:31:53,514 INFO o.a.j.t.JMeterThread: Thread started: test-api 1-186
2025-11-18 19:31:53,552 INFO o.a.j.t.JMeterThread: Thread is done: test-api 1-186
2025-11-18 19:31:53,552 INFO o.a.j.t.JMeterThread: Thread finished: test-api 1-186
2025-11-18 19:31:53,614 INFO o.a.j.t.JMeterThread: Thread started: test-api 1-187
2025-11-18 19:31:53,622 INFO o.a.j.t.JMeterThread: Thread is done: test-api 1-187
2025-11-18 19:31:53,622 INFO o.a.j.t.JMeterThread: Thread finished: test-api 1-187
2025-11-18 19:31:53,713 INFO o.a.j.t.JMeterThread: Thread started: test-api 1-188
2025-11-18 19:31:53,729 INFO o.a.j.t.JMeterThread: Thread is done: test-api 1-188
2025-11-18 19:31:53,729 INFO o.a.j.t.JMeterThread: Thread finished: test-api 1-188
2025-11-18 19:31:53,814 INFO o.a.j.t.JMeterThread: Thread started: test-api 1-189
2025-11-18 19:31:53,851 INFO o.a.j.t.JMeterThread: Thread is done: test-api 1-189
2025-11-18 19:31:53,851 INFO o.a.j.t.JMeterThread: Thread finished: test-api 1-189
2025-11-18 19:31:53,912 INFO o.a.j.t.JMeterThread: Thread started: test-api 1-190
2025-11-18 19:31:53,945 INFO o.a.j.t.JMeterThread: Thread is done: test-api 1-190
2025-11-18 19:31:53,946 INFO o.a.j.t.JMeterThread: Thread finished: test-api 1-190
2025-11-18 19:31:54,020 INFO o.a.j.t.JMeterThread: Thread started: test-api 1-191
2025-11-18 19:31:54,029 INFO o.a.j.t.JMeterThread: Thread is done: test-api 1-191
2025-11-18 19:31:54,030 INFO o.a.j.t.JMeterThread: Thread finished: test-api 1-191
2025-11-18 19:31:54,113 INFO o.a.j.t.JMeterThread: Thread started: test-api 1-192
2025-11-18 19:31:54,124 INFO o.a.j.t.JMeterThread: Thread is done: test-api 1-192
2025-11-18 19:31:54,124 INFO o.a.j.t.JMeterThread: Thread finished: test-api 1-192
2025-11-18 19:31:54,212 INFO o.a.j.t.JMeterThread: Thread started: test-api 1-193
2025-11-18 19:31:54,236 INFO o.a.j.t.JMeterThread: Thread is done: test-api 1-193
2025-11-18 19:31:54,236 INFO o.a.j.t.JMeterThread: Thread finished: test-api 1-193
2025-11-18 19:31:54,311 INFO o.a.j.t.JMeterThread: Thread started: test-api 1-194
2025-11-18 19:31:54,331 INFO o.a.j.t.JMeterThread: Thread is done: test-api 1-194
2025-11-18 19:31:54,331 INFO o.a.j.t.JMeterThread: Thread finished: test-api 1-194
2025-11-18 19:31:54,412 INFO o.a.j.t.JMeterThread: Thread started: test-api 1-195
2025-11-18 19:31:54,421 INFO o.a.j.t.JMeterThread: Thread is done: test-api 1-195
2025-11-18 19:31:54,421 INFO o.a.j.t.JMeterThread: Thread finished: test-api 1-195
2025-11-18 19:31:54,518 INFO o.a.j.t.JMeterThread: Thread started: test-api 1-196
2025-11-18 19:31:54,538 INFO o.a.j.t.JMeterThread: Thread is done: test-api 1-196
2025-11-18 19:31:54,538 INFO o.a.j.t.JMeterThread: Thread finished: test-api 1-196
2025-11-18 19:31:54,618 INFO o.a.j.t.JMeterThread: Thread started: test-api 1-197
2025-11-18 19:31:54,646 INFO o.a.j.t.JMeterThread: Thread is done: test-api 1-197
2025-11-18 19:31:54,646 INFO o.a.j.t.JMeterThread: Thread finished: test-api 1-197
2025-11-18 19:31:54,725 INFO o.a.j.t.JMeterThread: Thread started: test-api 1-198
2025-11-18 19:31:54,738 INFO o.a.j.t.JMeterThread: Thread is done: test-api 1-198
2025-11-18 19:31:54,738 INFO o.a.j.t.JMeterThread: Thread finished: test-api 1-198
2025-11-18 19:31:54,810 INFO o.a.j.t.JMeterThread: Thread started: test-api 1-199
2025-11-18 19:31:54,822 INFO o.a.j.t.JMeterThread: Thread is done: test-api 1-199
2025-11-18 19:31:54,823 INFO o.a.j.t.JMeterThread: Thread finished: test-api 1-199
2025-11-18 19:31:54,916 INFO o.a.j.t.JMeterThread: Thread started: test-api 1-200
2025-11-18 19:31:54,960 INFO o.a.j.t.JMeterThread: Thread is done: test-api 1-200
2025-11-18 19:31:54,960 INFO o.a.j.t.JMeterThread: Thread finished: test-api 1-200
2025-11-18 19:31:54,964 INFO o.a.j.e.StandardJMeterEngine: Notifying test listeners of end of test
2025-11-18 19:31:54,968 INFO o.a.j.r.Summariser: summary +    399 in 00:00:19 =   20.5/s Avg:    11 Min:     3 Max:   144 Err:     0 (0.00%) Active: 0 Started: 200 Finished: 200
2025-11-18 19:31:54,978 INFO o.a.j.r.Summariser: summary =    400 in 00:00:20 =   20.0/s Avg:    11 Min:     3 Max:   144 Err:     0 (0.00%)
2025-11-18 19:31:54,990 INFO o.a.j.JMeter: Generating Dashboard
2025-11-18 19:31:54,990 INFO o.a.j.r.d.ReportGenerator: Flushing result collector before report Generation
2025-11-18 19:31:55,032 INFO o.a.j.r.p.NormalizerSampleConsumer: Using format, 'ms', to parse timeStamp field
2025-11-18 19:31:55,426 INFO o.a.j.r.p.AbstractSampleConsumer: class org.apache.jmeter.report.processor.AggregateConsumer#stopProducing(): beginDate produced 0 samples
2025-11-18 19:31:55,427 INFO o.a.j.r.p.AbstractSampleConsumer: class org.apache.jmeter.report.processor.AggregateConsumer#stopProducing(): endDate produced 0 samples
2025-11-18 19:31:55,432 INFO o.a.j.r.p.AbstractSampleConsumer: class org.apache.jmeter.report.processor.ApdexSummaryConsumer#stopProducing(): apdexSummary produced 0 samples
2025-11-18 19:31:55,432 INFO o.a.j.r.p.AbstractSampleConsumer: class org.apache.jmeter.report.processor.RequestsSummaryConsumer#stopProducing(): requestsSummary produced 0 samples
2025-11-18 19:31:55,440 INFO o.a.j.r.p.AbstractSampleConsumer: class org.apache.jmeter.report.processor.StatisticsSummaryConsumer#stopProducing(): statisticsSummary produced 0 samples
2025-11-18 19:31:55,442 INFO o.a.j.r.p.AbstractSampleConsumer: class org.apache.jmeter.report.processor.Top5ErrorsBySamplerConsumer#stopProducing(): top5ErrorsBySampler produced 0 samples
2025-11-18 19:31:55,442 INFO o.a.j.r.p.AbstractSampleConsumer: class org.apache.jmeter.report.processor.ErrorsSummaryConsumer#stopProducing(): errorsSummary produced 0 samples
2025-11-18 19:31:55,442 INFO o.a.j.r.p.AbstractSampleConsumer: class org.apache.jmeter.report.processor.graph.impl.HitsPerSecondGraphConsumer#stopProducing(): hitsPerSecond produced 0 samples
2025-11-18 19:31:55,516 INFO o.a.j.r.p.AbstractSampleConsumer: class org.apache.jmeter.report.processor.graph.impl.LatencyVSRequestGraphConsumer#stopProducing(): latencyVsRequest produced 0 samples
2025-11-18 19:31:55,516 INFO o.a.j.r.p.AbstractSampleConsumer: class org.apache.jmeter.report.processor.graph.impl.SyntheticResponseTimeDistributionGraphConsumer#stopProducing(): syntheticResponseTimeDistribution produced 0 samples
2025-11-18 19:31:55,516 INFO o.a.j.r.p.AbstractSampleConsumer: class org.apache.jmeter.report.processor.graph.impl.BytesThroughputGraphConsumer#stopProducing(): bytesThroughputOverTime produced 0 samples
2025-11-18 19:31:55,516 INFO o.a.j.r.p.AbstractSampleConsumer: class org.apache.jmeter.report.processor.graph.impl.CodesPerSecondGraphConsumer#stopProducing(): codesPerSecond produced 0 samples
2025-11-18 19:31:55,540 INFO o.a.j.r.p.AbstractSampleConsumer: class org.apache.jmeter.report.processor.graph.impl.ResponseTimeVSRequestGraphConsumer#stopProducing(): responseTimeVsRequest produced 0 samples
2025-11-18 19:31:55,541 INFO o.a.j.r.p.AbstractSampleConsumer: class org.apache.jmeter.report.processor.FilterConsumer#stopProducing(): startIntervalControlerFilter produced 2800 samples
2025-11-18 19:31:55,541 INFO o.a.j.r.p.AbstractSampleConsumer: class org.apache.jmeter.report.processor.graph.impl.TotalTPSGraphConsumer#stopProducing(): totalTPS produced 0 samples
2025-11-18 19:31:55,541 INFO o.a.j.r.p.AbstractSampleConsumer: class org.apache.jmeter.report.processor.graph.impl.ActiveThreadsGraphConsumer#stopProducing(): activeThreadsOverTime produced 0 samples
2025-11-18 19:31:55,541 INFO o.a.j.r.p.AbstractSampleConsumer: class org.apache.jmeter.report.processor.graph.impl.TimeVSThreadGraphConsumer#stopProducing(): timeVsThreads produced 0 samples
2025-11-18 19:31:55,541 INFO o.a.j.r.p.AbstractSampleConsumer: class org.apache.jmeter.report.processor.graph.impl.ResponseTimeDistributionGraphConsumer#stopProducing(): responseTimeDistribution produced 0 samples
2025-11-18 19:31:55,541 INFO o.a.j.r.p.AbstractSampleConsumer: class org.apache.jmeter.report.processor.graph.impl.TransactionsPerSecondGraphConsumer#stopProducing(): transactionsPerSecond produced 0 samples
2025-11-18 19:31:55,541 INFO o.a.j.r.p.AbstractSampleConsumer: class org.apache.jmeter.report.processor.graph.impl.ResponseTimePercentilesGraphConsumer#stopProducing(): responseTimePercentiles produced 0 samples
2025-11-18 19:31:55,543 INFO o.a.j.r.p.AbstractSampleConsumer: class org.apache.jmeter.report.processor.graph.impl.ResponseTimePercentilesOverTimeGraphConsumer#stopProducing(): responseTimePercentilesOverTime produced 0 samples
2025-11-18 19:31:55,544 INFO o.a.j.r.p.AbstractSampleConsumer: class org.apache.jmeter.report.processor.graph.impl.ResponseTimeOverTimeGraphConsumer#stopProducing(): responseTimesOverTime produced 0 samples
2025-11-18 19:31:55,544 INFO o.a.j.r.p.AbstractSampleConsumer: class org.apache.jmeter.report.processor.graph.impl.ConnectTimeOverTimeGraphConsumer#stopProducing(): connectTimeOverTime produced 0 samples
2025-11-18 19:31:55,544 INFO o.a.j.r.p.AbstractSampleConsumer: class org.apache.jmeter.report.processor.graph.impl.LatencyOverTimeGraphConsumer#stopProducing(): latenciesOverTime produced 0 samples
2025-11-18 19:31:55,544 INFO o.a.j.r.p.AbstractSampleConsumer: class org.apache.jmeter.report.processor.FilterConsumer#stopProducing(): nameFilter produced 6000 samples
2025-11-18 19:31:55,544 INFO o.a.j.r.p.AbstractSampleConsumer: class org.apache.jmeter.report.processor.FilterConsumer#stopProducing(): dateRangeFilter produced 1200 samples
2025-11-18 19:31:55,544 INFO o.a.j.r.p.AbstractSampleConsumer: class org.apache.jmeter.report.processor.NormalizerSampleConsumer#stopProducing(): normalizer produced 400 samples
2025-11-18 19:31:55,546 INFO o.a.j.r.p.CsvFileSampleSource: produce(): 400 samples produced in 450ms on channel 0
2025-11-18 19:31:55,547 INFO o.a.j.r.d.ReportGenerator: Exporting data using exporter:'json' of className:'org.apache.jmeter.report.dashboard.JsonExporter'
2025-11-18 19:31:55,754 INFO o.a.j.r.d.JsonExporter: Found data for consumer statisticsSummaryin context
2025-11-18 19:31:55,754 INFO o.a.j.r.d.JsonExporter: Creating statistics for overall
2025-11-18 19:31:55,755 INFO o.a.j.r.d.JsonExporter: Creating statistics for other transactions
2025-11-18 19:31:55,756 INFO o.a.j.r.d.JsonExporter: Checking output folder
2025-11-18 19:31:55,757 INFO o.a.j.r.d.JsonExporter: Writing statistics JSON to C:\Users\joaopires\Desktop\Codes\teste-software-univas\teste-software-univas\backend\tests\jmeter\reports\tasks\statistics.json
2025-11-18 19:31:55,855 INFO o.a.j.r.d.ReportGenerator: Exporting data using exporter:'html' of className:'org.apache.jmeter.report.dashboard.HtmlTemplateExporter'
2025-11-18 19:31:55,864 INFO o.a.j.r.d.HtmlTemplateExporter: Will generate dashboard in folder: C:\Users\joaopires\Desktop\Codes\teste-software-univas\teste-software-univas\backend\tests\jmeter\reports\tasks
2025-11-18 19:31:56,135 INFO o.a.j.r.d.HtmlTemplateExporter: Report will be generated in: C:\Users\joaopires\Desktop\Codes\teste-software-univas\teste-software-univas\backend\tests\jmeter\reports\tasks, creating folder structure
2025-11-18 19:31:56,144 INFO o.a.j.r.d.TemplateVisitor: Copying folder from 'C:\Users\joaopires\Downloads\apache-jmeter-5.6.3\apache-jmeter-5.6.3\bin\report-template' to 'C:\Users\joaopires\Desktop\Codes\teste-software-univas\teste-software-univas\backend\tests\jmeter\reports\tasks', got message: C:\Users\joaopires\Desktop\Codes\teste-software-univas\teste-software-univas\backend\tests\jmeter\reports\tasks, found non empty folder with following content [C:\Users\joaopires\Desktop\Codes\teste-software-univas\teste-software-univas\backend\tests\jmeter\reports\tasks\statistics.json], will be ignored
2025-11-18 19:31:58,357 INFO o.a.j.JMeter: Dashboard generated
