2025-11-18 19:30:04,325 INFO o.a.j.u.JMeterUtils: Setting Locale to en_EN
2025-11-18 19:30:04,363 INFO o.a.j.JMeter: Loading user properties from: C:\Users\joaopires\Downloads\apache-jmeter-5.6.3\apache-jmeter-5.6.3\bin\user.properties
2025-11-18 19:30:04,368 INFO o.a.j.JMeter: Loading system properties from: C:\Users\joaopires\Downloads\apache-jmeter-5.6.3\apache-jmeter-5.6.3\bin\system.properties
2025-11-18 19:30:04,368 INFO o.a.j.JMeter: Loading additional properties from: backend/tests/jmeter/props/local.properties
2025-11-18 19:30:04,373 WARN o.a.j.JMeter: Can't find additional property file: backend/tests/jmeter/props/local.properties
java.io.FileNotFoundException: backend\tests\jmeter\props\local.properties (O sistema não pode encontrar o caminho especificado)
	at java.base/java.io.FileInputStream.open0(Native Method) ~[?:?]
	at java.base/java.io.FileInputStream.open(FileInputStream.java:213) ~[?:?]
	at java.base/java.io.FileInputStream.<init>(FileInputStream.java:152) ~[?:?]
	at org.apache.jmeter.JMeter.initializeProperties(JMeter.java:800) [ApacheJMeter_core.jar:5.6.3]
	at org.apache.jmeter.JMeter.start(JMeter.java:379) [ApacheJMeter_core.jar:5.6.3]
	at java.base/jdk.internal.reflect.DirectMethodHandleAccessor.invoke(DirectMethodHandleAccessor.java:103) ~[?:?]
	at java.base/java.lang.reflect.Method.invoke(Method.java:580) ~[?:?]
	at org.apache.jmeter.NewDriver.main(NewDriver.java:259) [ApacheJMeter.jar:5.6.3]
2025-11-18 19:30:04,401 INFO o.a.j.JMeter: Copyright (c) 1998-2024 The Apache Software Foundation
2025-11-18 19:30:04,401 INFO o.a.j.JMeter: Version 5.6.3
2025-11-18 19:30:04,402 INFO o.a.j.JMeter: java.version=21.0.8
2025-11-18 19:30:04,402 INFO o.a.j.JMeter: java.vm.name=Java HotSpot(TM) 64-Bit Server VM
2025-11-18 19:30:04,402 INFO o.a.j.JMeter: os.name=Windows 11
2025-11-18 19:30:04,402 INFO o.a.j.JMeter: os.arch=amd64
2025-11-18 19:30:04,402 INFO o.a.j.JMeter: os.version=10.0
2025-11-18 19:30:04,402 INFO o.a.j.JMeter: file.encoding=UTF-8
2025-11-18 19:30:04,402 INFO o.a.j.JMeter: java.awt.headless=true
2025-11-18 19:30:04,402 INFO o.a.j.JMeter: Max memory     =1073741824
2025-11-18 19:30:04,402 INFO o.a.j.JMeter: Available Processors =12
2025-11-18 19:30:04,414 INFO o.a.j.JMeter: Default Locale=English (EN)
2025-11-18 19:30:04,415 INFO o.a.j.JMeter: JMeter  Locale=English (EN)
2025-11-18 19:30:04,415 INFO o.a.j.JMeter: JMeterHome=C:\Users\joaopires\Downloads\apache-jmeter-5.6.3\apache-jmeter-5.6.3
2025-11-18 19:30:04,415 INFO o.a.j.JMeter: user.dir  =C:\Users\joaopires\Desktop\Codes\teste-software-univas\teste-software-univas\backend
2025-11-18 19:30:04,417 INFO o.a.j.JMeter: PWD       =C:\Users\joaopires\Desktop\Codes\teste-software-univas\teste-software-univas\backend
2025-11-18 19:30:04,421 INFO o.a.j.JMeter: IP: 192.168.191.131 Name: MIDB01PE0BWGJ4 FullName: host.docker.internal
2025-11-18 19:30:04,433 ERROR o.a.j.JMeter: An error occurred: 
java.lang.IllegalArgumentException: Cannot write to 'C:\Users\joaopires\Desktop\Codes\teste-software-univas\teste-software-univas\backend\backend\tests\jmeter\reports\tasks' as folder does not exist and parent folder is not writable
	at org.apache.jorphan.util.JOrphanUtils.canSafelyWriteToFolder(JOrphanUtils.java:672) ~[jorphan.jar:5.6.3]
	at org.apache.jorphan.util.JOrphanUtils.canSafelyWriteToFolder(JOrphanUtils.java:620) ~[jorphan.jar:5.6.3]
	at org.apache.jmeter.JMeter.extractAndSetReportOutputFolder(JMeter.java:542) ~[ApacheJMeter_core.jar:5.6.3]
	at org.apache.jmeter.JMeter.start(JMeter.java:492) [ApacheJMeter_core.jar:5.6.3]
	at java.base/jdk.internal.reflect.DirectMethodHandleAccessor.invoke(DirectMethodHandleAccessor.java:103) ~[?:?]
	at java.base/java.lang.reflect.Method.invoke(Method.java:580) ~[?:?]
	at org.apache.jmeter.NewDriver.main(NewDriver.java:259) [ApacheJMeter.jar:5.6.3]
